2026-04-27 00:17:31,924 | Início execução -- 121 ações
2026-04-27 00:17:31,925 | OK | [MAL_CLASSIFICADO] sha8=5583dd3b fonte=G4F mes_ref=2025-06 origem=data/raw/andre/itau_cc/BANCARIO_ITAU_CC_5583dd3b.pdf -> destino=data/raw/andre/holerites/HOLERITE_G4F_2025-06_5583dd3b.pdf
2026-04-27 00:17:31,926 | OK | [MAL_CLASSIFICADO] sha8=5583dd3b fonte=G4F mes_ref=2025-06 origem=data/raw/andre/itau_cc/BANCARIO_ITAU_CC_5583dd3b_1.pdf -> destino=data/raw/andre/holerites/HOLERITE_G4F_2025-06_5583dd3b.pdf
2026-04-27 00:17:31,928 | OK | [MAL_CLASSIFICADO] sha8=5583dd3b fonte=G4F mes_ref=2025-06 origem=data/raw/andre/itau_cc/BANCARIO_ITAU_CC_5583dd3b_2.pdf -> destino=data/raw/andre/holerites/HOLERITE_G4F_2025-06_5583dd3b.pdf
2026-04-27 00:17:31,930 | OK | [MAL_CLASSIFICADO] sha8=5583dd3b fonte=G4F mes_ref=2025-06 origem=data/raw/andre/itau_cc/BANCARIO_ITAU_CC_5583dd3b_3.pdf -> destino=data/raw/andre/holerites/HOLERITE_G4F_2025-06_5583dd3b.pdf
2026-04-27 00:17:31,931 | OK | [MAL_CLASSIFICADO] sha8=5583dd3b fonte=G4F mes_ref=2025-06 origem=data/raw/andre/itau_cc/BANCARIO_ITAU_CC_5583dd3b_4.pdf -> destino=data/raw/andre/holerites/HOLERITE_G4F_2025-06_5583dd3b.pdf
2026-04-27 00:17:31,932 | OK | [MAL_CLASSIFICADO] sha8=5583dd3b fonte=G4F mes_ref=2025-06 origem=data/raw/andre/itau_cc/BANCARIO_ITAU_CC_5583dd3b_5.pdf -> destino=data/raw/andre/holerites/HOLERITE_G4F_2025-06_5583dd3b.pdf
2026-04-27 00:17:31,933 | OK | [MAL_CLASSIFICADO] sha8=5583dd3b fonte=G4F mes_ref=2025-06 origem=data/raw/andre/itau_cc/BANCARIO_ITAU_CC_5583dd3b_6.pdf -> destino=data/raw/andre/holerites/HOLERITE_G4F_2025-06_5583dd3b.pdf
2026-04-27 00:17:31,933 | OK | [MAL_CLASSIFICADO] sha8=b1e59d77 fonte=G4F mes_ref=2025-07 origem=data/raw/andre/itau_cc/BANCARIO_ITAU_CC_b1e59d77.pdf -> destino=data/raw/andre/holerites/HOLERITE_G4F_2025-07_b1e59d77.pdf
2026-04-27 00:17:31,934 | OK | [MAL_CLASSIFICADO] sha8=b1e59d77 fonte=G4F mes_ref=2025-07 origem=data/raw/andre/itau_cc/BANCARIO_ITAU_CC_b1e59d77_1.pdf -> destino=data/raw/andre/holerites/HOLERITE_G4F_2025-07_b1e59d77.pdf
2026-04-27 00:17:31,935 | OK | [MAL_CLASSIFICADO] sha8=b1e59d77 fonte=G4F mes_ref=2025-07 origem=data/raw/andre/itau_cc/BANCARIO_ITAU_CC_b1e59d77_2.pdf -> destino=data/raw/andre/holerites/HOLERITE_G4F_2025-07_b1e59d77.pdf
2026-04-27 00:17:31,936 | OK | [MAL_CLASSIFICADO] sha8=b1e59d77 fonte=G4F mes_ref=2025-07 origem=data/raw/andre/itau_cc/BANCARIO_ITAU_CC_b1e59d77_3.pdf -> destino=data/raw/andre/holerites/HOLERITE_G4F_2025-07_b1e59d77.pdf
2026-04-27 00:17:31,937 | OK | [MAL_CLASSIFICADO] sha8=b1e59d77 fonte=G4F mes_ref=2025-07 origem=data/raw/andre/itau_cc/BANCARIO_ITAU_CC_b1e59d77_4.pdf -> destino=data/raw/andre/holerites/HOLERITE_G4F_2025-07_b1e59d77.pdf
2026-04-27 00:17:31,938 | OK | [MAL_CLASSIFICADO] sha8=b1e59d77 fonte=G4F mes_ref=2025-07 origem=data/raw/andre/itau_cc/BANCARIO_ITAU_CC_b1e59d77_5.pdf -> destino=data/raw/andre/holerites/HOLERITE_G4F_2025-07_b1e59d77.pdf
2026-04-27 00:17:31,939 | OK | [MAL_CLASSIFICADO] sha8=b1e59d77 fonte=G4F mes_ref=2025-07 origem=data/raw/andre/itau_cc/BANCARIO_ITAU_CC_b1e59d77_6.pdf -> destino=data/raw/andre/holerites/HOLERITE_G4F_2025-07_b1e59d77.pdf
2026-04-27 00:17:31,939 | OK | [MAL_CLASSIFICADO] sha8=b3d60868 fonte=G4F mes_ref=2025-05 origem=data/raw/andre/itau_cc/BANCARIO_ITAU_CC_b3d60868.pdf -> destino=data/raw/andre/holerites/HOLERITE_G4F_2025-05_b3d60868.pdf
2026-04-27 00:17:31,940 | OK | [MAL_CLASSIFICADO] sha8=b3d60868 fonte=G4F mes_ref=2025-05 origem=data/raw/andre/itau_cc/BANCARIO_ITAU_CC_b3d60868_1.pdf -> destino=data/raw/andre/holerites/HOLERITE_G4F_2025-05_b3d60868.pdf
2026-04-27 00:17:31,942 | OK | [MAL_CLASSIFICADO] sha8=b3d60868 fonte=G4F mes_ref=2025-05 origem=data/raw/andre/itau_cc/BANCARIO_ITAU_CC_b3d60868_2.pdf -> destino=data/raw/andre/holerites/HOLERITE_G4F_2025-05_b3d60868.pdf
2026-04-27 00:17:31,943 | OK | [MAL_CLASSIFICADO] sha8=b3d60868 fonte=G4F mes_ref=2025-05 origem=data/raw/andre/itau_cc/BANCARIO_ITAU_CC_b3d60868_3.pdf -> destino=data/raw/andre/holerites/HOLERITE_G4F_2025-05_b3d60868.pdf
2026-04-27 00:17:31,944 | OK | [MAL_CLASSIFICADO] sha8=b3d60868 fonte=G4F mes_ref=2025-05 origem=data/raw/andre/itau_cc/BANCARIO_ITAU_CC_b3d60868_4.pdf -> destino=data/raw/andre/holerites/HOLERITE_G4F_2025-05_b3d60868.pdf
2026-04-27 00:17:31,945 | OK | [MAL_CLASSIFICADO] sha8=b3d60868 fonte=G4F mes_ref=2025-05 origem=data/raw/andre/itau_cc/BANCARIO_ITAU_CC_b3d60868_5.pdf -> destino=data/raw/andre/holerites/HOLERITE_G4F_2025-05_b3d60868.pdf
2026-04-27 00:17:31,946 | OK | [MAL_CLASSIFICADO] sha8=b3d60868 fonte=G4F mes_ref=2025-05 origem=data/raw/andre/itau_cc/BANCARIO_ITAU_CC_b3d60868_6.pdf -> destino=data/raw/andre/holerites/HOLERITE_G4F_2025-05_b3d60868.pdf
2026-04-27 00:17:31,946 | OK | [MAL_CLASSIFICADO] sha8=33f3a11f fonte=G4F mes_ref=2026-02 origem=data/raw/andre/santander_cartao/BANCARIO_SANTANDER_CARTAO_33f3a11f.pdf -> destino=data/raw/andre/holerites/HOLERITE_G4F_2026-02_33f3a11f.pdf
2026-04-27 00:17:31,947 | OK | [MAL_CLASSIFICADO] sha8=33f3a11f fonte=G4F mes_ref=2026-02 origem=data/raw/andre/santander_cartao/BANCARIO_SANTANDER_CARTAO_33f3a11f_1.pdf -> destino=data/raw/andre/holerites/HOLERITE_G4F_2026-02_33f3a11f.pdf
2026-04-27 00:17:31,948 | OK | [MAL_CLASSIFICADO] sha8=33f3a11f fonte=G4F mes_ref=2026-02 origem=data/raw/andre/santander_cartao/BANCARIO_SANTANDER_CARTAO_33f3a11f_2.pdf -> destino=data/raw/andre/holerites/HOLERITE_G4F_2026-02_33f3a11f.pdf
2026-04-27 00:17:31,949 | OK | [MAL_CLASSIFICADO] sha8=33f3a11f fonte=G4F mes_ref=2026-02 origem=data/raw/andre/santander_cartao/BANCARIO_SANTANDER_CARTAO_33f3a11f_3.pdf -> destino=data/raw/andre/holerites/HOLERITE_G4F_2026-02_33f3a11f.pdf
2026-04-27 00:17:31,950 | OK | [MAL_CLASSIFICADO] sha8=33f3a11f fonte=G4F mes_ref=2026-02 origem=data/raw/andre/santander_cartao/BANCARIO_SANTANDER_CARTAO_33f3a11f_4.pdf -> destino=data/raw/andre/holerites/HOLERITE_G4F_2026-02_33f3a11f.pdf
2026-04-27 00:17:31,952 | OK | [MAL_CLASSIFICADO] sha8=33f3a11f fonte=G4F mes_ref=2026-02 origem=data/raw/andre/santander_cartao/BANCARIO_SANTANDER_CARTAO_33f3a11f_5.pdf -> destino=data/raw/andre/holerites/HOLERITE_G4F_2026-02_33f3a11f.pdf
2026-04-27 00:17:31,953 | OK | [MAL_CLASSIFICADO] sha8=33f3a11f fonte=G4F mes_ref=2026-02 origem=data/raw/andre/santander_cartao/BANCARIO_SANTANDER_CARTAO_33f3a11f_6.pdf -> destino=data/raw/andre/holerites/HOLERITE_G4F_2026-02_33f3a11f.pdf
2026-04-27 00:17:31,953 | OK | [MAL_CLASSIFICADO] sha8=3a547968 fonte=G4F mes_ref=2025-11 origem=data/raw/andre/santander_cartao/BANCARIO_SANTANDER_CARTAO_3a547968.pdf -> destino=data/raw/andre/holerites/HOLERITE_G4F_2025-11_3a547968.pdf
2026-04-27 00:17:31,954 | OK | [MAL_CLASSIFICADO] sha8=3a547968 fonte=G4F mes_ref=2025-11 origem=data/raw/andre/santander_cartao/BANCARIO_SANTANDER_CARTAO_3a547968_1.pdf -> destino=data/raw/andre/holerites/HOLERITE_G4F_2025-11_3a547968.pdf
2026-04-27 00:17:31,955 | OK | [MAL_CLASSIFICADO] sha8=3a547968 fonte=G4F mes_ref=2025-11 origem=data/raw/andre/santander_cartao/BANCARIO_SANTANDER_CARTAO_3a547968_2.pdf -> destino=data/raw/andre/holerites/HOLERITE_G4F_2025-11_3a547968.pdf
2026-04-27 00:17:31,956 | OK | [MAL_CLASSIFICADO] sha8=3a547968 fonte=G4F mes_ref=2025-11 origem=data/raw/andre/santander_cartao/BANCARIO_SANTANDER_CARTAO_3a547968_3.pdf -> destino=data/raw/andre/holerites/HOLERITE_G4F_2025-11_3a547968.pdf
2026-04-27 00:17:31,957 | OK | [MAL_CLASSIFICADO] sha8=3a547968 fonte=G4F mes_ref=2025-11 origem=data/raw/andre/santander_cartao/BANCARIO_SANTANDER_CARTAO_3a547968_4.pdf -> destino=data/raw/andre/holerites/HOLERITE_G4F_2025-11_3a547968.pdf
2026-04-27 00:17:31,958 | OK | [MAL_CLASSIFICADO] sha8=3a547968 fonte=G4F mes_ref=2025-11 origem=data/raw/andre/santander_cartao/BANCARIO_SANTANDER_CARTAO_3a547968_5.pdf -> destino=data/raw/andre/holerites/HOLERITE_G4F_2025-11_3a547968.pdf
2026-04-27 00:17:31,959 | OK | [MAL_CLASSIFICADO] sha8=3a547968 fonte=G4F mes_ref=2025-11 origem=data/raw/andre/santander_cartao/BANCARIO_SANTANDER_CARTAO_3a547968_6.pdf -> destino=data/raw/andre/holerites/HOLERITE_G4F_2025-11_3a547968.pdf
2026-04-27 00:17:31,960 | OK | [MAL_CLASSIFICADO] sha8=6f8a38a6 fonte=G4F mes_ref=2025-10 origem=data/raw/andre/santander_cartao/BANCARIO_SANTANDER_CARTAO_6f8a38a6.pdf -> destino=data/raw/andre/holerites/HOLERITE_G4F_2025-10_6f8a38a6.pdf
2026-04-27 00:17:31,961 | OK | [MAL_CLASSIFICADO] sha8=6f8a38a6 fonte=G4F mes_ref=2025-10 origem=data/raw/andre/santander_cartao/BANCARIO_SANTANDER_CARTAO_6f8a38a6_1.pdf -> destino=data/raw/andre/holerites/HOLERITE_G4F_2025-10_6f8a38a6.pdf
2026-04-27 00:17:31,962 | OK | [MAL_CLASSIFICADO] sha8=6f8a38a6 fonte=G4F mes_ref=2025-10 origem=data/raw/andre/santander_cartao/BANCARIO_SANTANDER_CARTAO_6f8a38a6_2.pdf -> destino=data/raw/andre/holerites/HOLERITE_G4F_2025-10_6f8a38a6.pdf
2026-04-27 00:17:31,963 | OK | [MAL_CLASSIFICADO] sha8=6f8a38a6 fonte=G4F mes_ref=2025-10 origem=data/raw/andre/santander_cartao/BANCARIO_SANTANDER_CARTAO_6f8a38a6_3.pdf -> destino=data/raw/andre/holerites/HOLERITE_G4F_2025-10_6f8a38a6.pdf
2026-04-27 00:17:31,964 | OK | [MAL_CLASSIFICADO] sha8=6f8a38a6 fonte=G4F mes_ref=2025-10 origem=data/raw/andre/santander_cartao/BANCARIO_SANTANDER_CARTAO_6f8a38a6_4.pdf -> destino=data/raw/andre/holerites/HOLERITE_G4F_2025-10_6f8a38a6.pdf
2026-04-27 00:17:31,965 | OK | [MAL_CLASSIFICADO] sha8=6f8a38a6 fonte=G4F mes_ref=2025-10 origem=data/raw/andre/santander_cartao/BANCARIO_SANTANDER_CARTAO_6f8a38a6_5.pdf -> destino=data/raw/andre/holerites/HOLERITE_G4F_2025-10_6f8a38a6.pdf
2026-04-27 00:17:31,966 | OK | [MAL_CLASSIFICADO] sha8=6f8a38a6 fonte=G4F mes_ref=2025-10 origem=data/raw/andre/santander_cartao/BANCARIO_SANTANDER_CARTAO_6f8a38a6_6.pdf -> destino=data/raw/andre/holerites/HOLERITE_G4F_2025-10_6f8a38a6.pdf
2026-04-27 00:17:31,966 | OK | [MAL_CLASSIFICADO] sha8=87b1ac2e fonte=G4F mes_ref=2025-12 origem=data/raw/andre/santander_cartao/BANCARIO_SANTANDER_CARTAO_87b1ac2e.pdf -> destino=data/raw/andre/holerites/HOLERITE_G4F_2025-12_87b1ac2e.pdf
2026-04-27 00:17:31,967 | OK | [MAL_CLASSIFICADO] sha8=87b1ac2e fonte=G4F mes_ref=2025-12 origem=data/raw/andre/santander_cartao/BANCARIO_SANTANDER_CARTAO_87b1ac2e_1.pdf -> destino=data/raw/andre/holerites/HOLERITE_G4F_2025-12_87b1ac2e.pdf
2026-04-27 00:17:31,969 | OK | [MAL_CLASSIFICADO] sha8=87b1ac2e fonte=G4F mes_ref=2025-12 origem=data/raw/andre/santander_cartao/BANCARIO_SANTANDER_CARTAO_87b1ac2e_2.pdf -> destino=data/raw/andre/holerites/HOLERITE_G4F_2025-12_87b1ac2e.pdf
2026-04-27 00:17:31,970 | OK | [MAL_CLASSIFICADO] sha8=87b1ac2e fonte=G4F mes_ref=2025-12 origem=data/raw/andre/santander_cartao/BANCARIO_SANTANDER_CARTAO_87b1ac2e_3.pdf -> destino=data/raw/andre/holerites/HOLERITE_G4F_2025-12_87b1ac2e.pdf
2026-04-27 00:17:31,971 | OK | [MAL_CLASSIFICADO] sha8=87b1ac2e fonte=G4F mes_ref=2025-12 origem=data/raw/andre/santander_cartao/BANCARIO_SANTANDER_CARTAO_87b1ac2e_4.pdf -> destino=data/raw/andre/holerites/HOLERITE_G4F_2025-12_87b1ac2e.pdf
2026-04-27 00:17:31,972 | OK | [MAL_CLASSIFICADO] sha8=87b1ac2e fonte=G4F mes_ref=2025-12 origem=data/raw/andre/santander_cartao/BANCARIO_SANTANDER_CARTAO_87b1ac2e_5.pdf -> destino=data/raw/andre/holerites/HOLERITE_G4F_2025-12_87b1ac2e.pdf
2026-04-27 00:17:31,973 | OK | [MAL_CLASSIFICADO] sha8=87b1ac2e fonte=G4F mes_ref=2025-12 origem=data/raw/andre/santander_cartao/BANCARIO_SANTANDER_CARTAO_87b1ac2e_6.pdf -> destino=data/raw/andre/holerites/HOLERITE_G4F_2025-12_87b1ac2e.pdf
2026-04-27 00:17:31,973 | OK | [MAL_CLASSIFICADO] sha8=94d86c0e fonte=G4F mes_ref=2025-08 origem=data/raw/andre/santander_cartao/BANCARIO_SANTANDER_CARTAO_94d86c0e.pdf -> destino=data/raw/andre/holerites/HOLERITE_G4F_2025-08_94d86c0e.pdf
2026-04-27 00:17:31,974 | OK | [MAL_CLASSIFICADO] sha8=94d86c0e fonte=G4F mes_ref=2025-08 origem=data/raw/andre/santander_cartao/BANCARIO_SANTANDER_CARTAO_94d86c0e_1.pdf -> destino=data/raw/andre/holerites/HOLERITE_G4F_2025-08_94d86c0e.pdf
2026-04-27 00:17:31,975 | OK | [MAL_CLASSIFICADO] sha8=94d86c0e fonte=G4F mes_ref=2025-08 origem=data/raw/andre/santander_cartao/BANCARIO_SANTANDER_CARTAO_94d86c0e_2.pdf -> destino=data/raw/andre/holerites/HOLERITE_G4F_2025-08_94d86c0e.pdf
2026-04-27 00:17:31,976 | OK | [MAL_CLASSIFICADO] sha8=94d86c0e fonte=G4F mes_ref=2025-08 origem=data/raw/andre/santander_cartao/BANCARIO_SANTANDER_CARTAO_94d86c0e_3.pdf -> destino=data/raw/andre/holerites/HOLERITE_G4F_2025-08_94d86c0e.pdf
2026-04-27 00:17:31,978 | OK | [MAL_CLASSIFICADO] sha8=94d86c0e fonte=G4F mes_ref=2025-08 origem=data/raw/andre/santander_cartao/BANCARIO_SANTANDER_CARTAO_94d86c0e_4.pdf -> destino=data/raw/andre/holerites/HOLERITE_G4F_2025-08_94d86c0e.pdf
2026-04-27 00:17:31,979 | OK | [MAL_CLASSIFICADO] sha8=94d86c0e fonte=G4F mes_ref=2025-08 origem=data/raw/andre/santander_cartao/BANCARIO_SANTANDER_CARTAO_94d86c0e_5.pdf -> destino=data/raw/andre/holerites/HOLERITE_G4F_2025-08_94d86c0e.pdf
2026-04-27 00:17:31,980 | OK | [MAL_CLASSIFICADO] sha8=94d86c0e fonte=G4F mes_ref=2025-08 origem=data/raw/andre/santander_cartao/BANCARIO_SANTANDER_CARTAO_94d86c0e_6.pdf -> destino=data/raw/andre/holerites/HOLERITE_G4F_2025-08_94d86c0e.pdf
2026-04-27 00:17:31,980 | OK | [MAL_CLASSIFICADO] sha8=9ddb2263 fonte=G4F mes_ref=2025-09 origem=data/raw/andre/santander_cartao/BANCARIO_SANTANDER_CARTAO_9ddb2263.pdf -> destino=data/raw/andre/holerites/HOLERITE_G4F_2025-09_9ddb2263.pdf
2026-04-27 00:17:31,981 | OK | [MAL_CLASSIFICADO] sha8=9ddb2263 fonte=G4F mes_ref=2025-09 origem=data/raw/andre/santander_cartao/BANCARIO_SANTANDER_CARTAO_9ddb2263_1.pdf -> destino=data/raw/andre/holerites/HOLERITE_G4F_2025-09_9ddb2263.pdf
2026-04-27 00:17:31,982 | OK | [MAL_CLASSIFICADO] sha8=9ddb2263 fonte=G4F mes_ref=2025-09 origem=data/raw/andre/santander_cartao/BANCARIO_SANTANDER_CARTAO_9ddb2263_2.pdf -> destino=data/raw/andre/holerites/HOLERITE_G4F_2025-09_9ddb2263.pdf
2026-04-27 00:17:31,983 | OK | [MAL_CLASSIFICADO] sha8=9ddb2263 fonte=G4F mes_ref=2025-09 origem=data/raw/andre/santander_cartao/BANCARIO_SANTANDER_CARTAO_9ddb2263_3.pdf -> destino=data/raw/andre/holerites/HOLERITE_G4F_2025-09_9ddb2263.pdf
2026-04-27 00:17:31,984 | OK | [MAL_CLASSIFICADO] sha8=9ddb2263 fonte=G4F mes_ref=2025-09 origem=data/raw/andre/santander_cartao/BANCARIO_SANTANDER_CARTAO_9ddb2263_4.pdf -> destino=data/raw/andre/holerites/HOLERITE_G4F_2025-09_9ddb2263.pdf
2026-04-27 00:17:31,985 | OK | [MAL_CLASSIFICADO] sha8=9ddb2263 fonte=G4F mes_ref=2025-09 origem=data/raw/andre/santander_cartao/BANCARIO_SANTANDER_CARTAO_9ddb2263_5.pdf -> destino=data/raw/andre/holerites/HOLERITE_G4F_2025-09_9ddb2263.pdf
2026-04-27 00:17:31,987 | OK | [MAL_CLASSIFICADO] sha8=9ddb2263 fonte=G4F mes_ref=2025-09 origem=data/raw/andre/santander_cartao/BANCARIO_SANTANDER_CARTAO_9ddb2263_6.pdf -> destino=data/raw/andre/holerites/HOLERITE_G4F_2025-09_9ddb2263.pdf
2026-04-27 00:17:31,987 | OK | [MAL_CLASSIFICADO] sha8=a4ab5a31 fonte=G4F mes_ref=2026-01 origem=data/raw/andre/santander_cartao/BANCARIO_SANTANDER_CARTAO_a4ab5a31.pdf -> destino=data/raw/andre/holerites/HOLERITE_G4F_2026-01_a4ab5a31.pdf
2026-04-27 00:17:31,988 | OK | [MAL_CLASSIFICADO] sha8=a4ab5a31 fonte=G4F mes_ref=2026-01 origem=data/raw/andre/santander_cartao/BANCARIO_SANTANDER_CARTAO_a4ab5a31_1.pdf -> destino=data/raw/andre/holerites/HOLERITE_G4F_2026-01_a4ab5a31.pdf
2026-04-27 00:17:31,989 | OK | [MAL_CLASSIFICADO] sha8=a4ab5a31 fonte=G4F mes_ref=2026-01 origem=data/raw/andre/santander_cartao/BANCARIO_SANTANDER_CARTAO_a4ab5a31_2.pdf -> destino=data/raw/andre/holerites/HOLERITE_G4F_2026-01_a4ab5a31.pdf
2026-04-27 00:17:31,990 | OK | [MAL_CLASSIFICADO] sha8=a4ab5a31 fonte=G4F mes_ref=2026-01 origem=data/raw/andre/santander_cartao/BANCARIO_SANTANDER_CARTAO_a4ab5a31_3.pdf -> destino=data/raw/andre/holerites/HOLERITE_G4F_2026-01_a4ab5a31.pdf
2026-04-27 00:17:31,991 | OK | [MAL_CLASSIFICADO] sha8=a4ab5a31 fonte=G4F mes_ref=2026-01 origem=data/raw/andre/santander_cartao/BANCARIO_SANTANDER_CARTAO_a4ab5a31_4.pdf -> destino=data/raw/andre/holerites/HOLERITE_G4F_2026-01_a4ab5a31.pdf
2026-04-27 00:17:31,992 | OK | [MAL_CLASSIFICADO] sha8=a4ab5a31 fonte=G4F mes_ref=2026-01 origem=data/raw/andre/santander_cartao/BANCARIO_SANTANDER_CARTAO_a4ab5a31_5.pdf -> destino=data/raw/andre/holerites/HOLERITE_G4F_2026-01_a4ab5a31.pdf
2026-04-27 00:17:31,993 | OK | [MAL_CLASSIFICADO] sha8=a4ab5a31 fonte=G4F mes_ref=2026-01 origem=data/raw/andre/santander_cartao/BANCARIO_SANTANDER_CARTAO_a4ab5a31_6.pdf -> destino=data/raw/andre/holerites/HOLERITE_G4F_2026-01_a4ab5a31.pdf
2026-04-27 00:17:31,994 | OK | [MAL_CLASSIFICADO] sha8=b743a661 fonte=G4F mes_ref=2025-12 origem=data/raw/andre/santander_cartao/BANCARIO_SANTANDER_CARTAO_b743a661.pdf -> destino=data/raw/andre/holerites/HOLERITE_G4F_2025-12_b743a661.pdf
2026-04-27 00:17:31,995 | OK | [MAL_CLASSIFICADO] sha8=b743a661 fonte=G4F mes_ref=2025-12 origem=data/raw/andre/santander_cartao/BANCARIO_SANTANDER_CARTAO_b743a661_1.pdf -> destino=data/raw/andre/holerites/HOLERITE_G4F_2025-12_b743a661.pdf
2026-04-27 00:17:31,996 | OK | [MAL_CLASSIFICADO] sha8=b743a661 fonte=G4F mes_ref=2025-12 origem=data/raw/andre/santander_cartao/BANCARIO_SANTANDER_CARTAO_b743a661_2.pdf -> destino=data/raw/andre/holerites/HOLERITE_G4F_2025-12_b743a661.pdf
2026-04-27 00:17:31,997 | OK | [MAL_CLASSIFICADO] sha8=b743a661 fonte=G4F mes_ref=2025-12 origem=data/raw/andre/santander_cartao/BANCARIO_SANTANDER_CARTAO_b743a661_3.pdf -> destino=data/raw/andre/holerites/HOLERITE_G4F_2025-12_b743a661.pdf
2026-04-27 00:17:31,998 | OK | [MAL_CLASSIFICADO] sha8=b743a661 fonte=G4F mes_ref=2025-12 origem=data/raw/andre/santander_cartao/BANCARIO_SANTANDER_CARTAO_b743a661_4.pdf -> destino=data/raw/andre/holerites/HOLERITE_G4F_2025-12_b743a661.pdf
2026-04-27 00:17:31,999 | OK | [MAL_CLASSIFICADO] sha8=b743a661 fonte=G4F mes_ref=2025-12 origem=data/raw/andre/santander_cartao/BANCARIO_SANTANDER_CARTAO_b743a661_5.pdf -> destino=data/raw/andre/holerites/HOLERITE_G4F_2025-12_b743a661.pdf
2026-04-27 00:17:32,000 | OK | [MAL_CLASSIFICADO] sha8=b743a661 fonte=G4F mes_ref=2025-12 origem=data/raw/andre/santander_cartao/BANCARIO_SANTANDER_CARTAO_b743a661_6.pdf -> destino=data/raw/andre/holerites/HOLERITE_G4F_2025-12_b743a661.pdf
2026-04-27 00:17:32,000 | OK | [MAL_CLASSIFICADO] sha8=b89e0d1d fonte=G4F mes_ref=2025-10 origem=data/raw/andre/santander_cartao/BANCARIO_SANTANDER_CARTAO_b89e0d1d.pdf -> destino=data/raw/andre/holerites/HOLERITE_G4F_2025-10_b89e0d1d.pdf
2026-04-27 00:17:32,001 | OK | [MAL_CLASSIFICADO] sha8=b89e0d1d fonte=G4F mes_ref=2025-10 origem=data/raw/andre/santander_cartao/BANCARIO_SANTANDER_CARTAO_b89e0d1d_1.pdf -> destino=data/raw/andre/holerites/HOLERITE_G4F_2025-10_b89e0d1d.pdf
2026-04-27 00:17:32,003 | OK | [MAL_CLASSIFICADO] sha8=b89e0d1d fonte=G4F mes_ref=2025-10 origem=data/raw/andre/santander_cartao/BANCARIO_SANTANDER_CARTAO_b89e0d1d_2.pdf -> destino=data/raw/andre/holerites/HOLERITE_G4F_2025-10_b89e0d1d.pdf
2026-04-27 00:17:32,004 | OK | [MAL_CLASSIFICADO] sha8=b89e0d1d fonte=G4F mes_ref=2025-10 origem=data/raw/andre/santander_cartao/BANCARIO_SANTANDER_CARTAO_b89e0d1d_3.pdf -> destino=data/raw/andre/holerites/HOLERITE_G4F_2025-10_b89e0d1d.pdf
2026-04-27 00:17:32,005 | OK | [MAL_CLASSIFICADO] sha8=b89e0d1d fonte=G4F mes_ref=2025-10 origem=data/raw/andre/santander_cartao/BANCARIO_SANTANDER_CARTAO_b89e0d1d_4.pdf -> destino=data/raw/andre/holerites/HOLERITE_G4F_2025-10_b89e0d1d.pdf
2026-04-27 00:17:32,006 | OK | [MAL_CLASSIFICADO] sha8=b89e0d1d fonte=G4F mes_ref=2025-10 origem=data/raw/andre/santander_cartao/BANCARIO_SANTANDER_CARTAO_b89e0d1d_5.pdf -> destino=data/raw/andre/holerites/HOLERITE_G4F_2025-10_b89e0d1d.pdf
2026-04-27 00:17:32,007 | OK | [MAL_CLASSIFICADO] sha8=b89e0d1d fonte=G4F mes_ref=2025-10 origem=data/raw/andre/santander_cartao/BANCARIO_SANTANDER_CARTAO_b89e0d1d_6.pdf -> destino=data/raw/andre/holerites/HOLERITE_G4F_2025-10_b89e0d1d.pdf
2026-04-27 00:17:32,007 | OK | [MAL_CLASSIFICADO] sha8=e8898e6f fonte=G4F mes_ref=2026-03 origem=data/raw/andre/santander_cartao/BANCARIO_SANTANDER_CARTAO_e8898e6f.pdf -> destino=data/raw/andre/holerites/HOLERITE_G4F_2026-03_e8898e6f.pdf
2026-04-27 00:17:32,008 | OK | [MAL_CLASSIFICADO] sha8=e8898e6f fonte=G4F mes_ref=2026-03 origem=data/raw/andre/santander_cartao/BANCARIO_SANTANDER_CARTAO_e8898e6f_1.pdf -> destino=data/raw/andre/holerites/HOLERITE_G4F_2026-03_e8898e6f.pdf
2026-04-27 00:17:32,009 | OK | [MAL_CLASSIFICADO] sha8=e8898e6f fonte=G4F mes_ref=2026-03 origem=data/raw/andre/santander_cartao/BANCARIO_SANTANDER_CARTAO_e8898e6f_2.pdf -> destino=data/raw/andre/holerites/HOLERITE_G4F_2026-03_e8898e6f.pdf
2026-04-27 00:17:32,010 | OK | [MAL_CLASSIFICADO] sha8=e8898e6f fonte=G4F mes_ref=2026-03 origem=data/raw/andre/santander_cartao/BANCARIO_SANTANDER_CARTAO_e8898e6f_3.pdf -> destino=data/raw/andre/holerites/HOLERITE_G4F_2026-03_e8898e6f.pdf
2026-04-27 00:17:32,012 | OK | [MAL_CLASSIFICADO] sha8=e8898e6f fonte=G4F mes_ref=2026-03 origem=data/raw/andre/santander_cartao/BANCARIO_SANTANDER_CARTAO_e8898e6f_4.pdf -> destino=data/raw/andre/holerites/HOLERITE_G4F_2026-03_e8898e6f.pdf
2026-04-27 00:17:32,013 | OK | [MAL_CLASSIFICADO] sha8=e8898e6f fonte=G4F mes_ref=2026-03 origem=data/raw/andre/santander_cartao/BANCARIO_SANTANDER_CARTAO_e8898e6f_5.pdf -> destino=data/raw/andre/holerites/HOLERITE_G4F_2026-03_e8898e6f.pdf
2026-04-27 00:17:32,014 | OK | [MAL_CLASSIFICADO] sha8=e8898e6f fonte=G4F mes_ref=2026-03 origem=data/raw/andre/santander_cartao/BANCARIO_SANTANDER_CARTAO_e8898e6f_6.pdf -> destino=data/raw/andre/holerites/HOLERITE_G4F_2026-03_e8898e6f.pdf
2026-04-27 00:17:32,014 | OK | [NOME_BRUTO] sha8=1dab387e fonte=Infobase mes_ref=2026-01 origem=data/raw/andre/holerites/document(10) (1).pdf -> destino=data/raw/andre/holerites/HOLERITE_INFOBASE_2026-01_1dab387e.pdf
2026-04-27 00:17:32,016 | OK | [NOME_BRUTO] sha8=1dab387e fonte=Infobase mes_ref=2026-01 origem=data/raw/andre/holerites/document(10).pdf -> destino=data/raw/andre/holerites/HOLERITE_INFOBASE_2026-01_1dab387e.pdf
2026-04-27 00:17:32,017 | OK | [NOME_BRUTO] sha8=7217cec9 fonte=Infobase mes_ref=2026-02 origem=data/raw/andre/holerites/document(11) (1).pdf -> destino=data/raw/andre/holerites/HOLERITE_INFOBASE_2026-02_7217cec9.pdf
2026-04-27 00:17:32,018 | OK | [NOME_BRUTO] sha8=7217cec9 fonte=Infobase mes_ref=2026-02 origem=data/raw/andre/holerites/document(11).pdf -> destino=data/raw/andre/holerites/HOLERITE_INFOBASE_2026-02_7217cec9.pdf
2026-04-27 00:17:32,018 | OK | [NOME_BRUTO] sha8=89c7e974 fonte=Infobase mes_ref=2026-03 origem=data/raw/andre/holerites/document(12).pdf -> destino=data/raw/andre/holerites/HOLERITE_INFOBASE_2026-03_89c7e974.pdf
2026-04-27 00:17:32,018 | OK | [NOME_BRUTO] sha8=808193f0 fonte=Infobase mes_ref=2025-07 origem=data/raw/andre/holerites/document(2).pdf -> destino=data/raw/andre/holerites/HOLERITE_INFOBASE_2025-07_808193f0.pdf
2026-04-27 00:17:32,018 | OK | [NOME_BRUTO] sha8=c0547673 fonte=Infobase mes_ref=2025-08 origem=data/raw/andre/holerites/document(3) (1).pdf -> destino=data/raw/andre/holerites/HOLERITE_INFOBASE_2025-08_c0547673.pdf
2026-04-27 00:17:32,019 | OK | [NOME_BRUTO] sha8=c0547673 fonte=Infobase mes_ref=2025-08 origem=data/raw/andre/holerites/document(3).pdf -> destino=data/raw/andre/holerites/HOLERITE_INFOBASE_2025-08_c0547673.pdf
2026-04-27 00:17:32,020 | OK | [NOME_BRUTO] sha8=aea6724c fonte=Infobase mes_ref=2025-06 origem=data/raw/andre/holerites/document(4).pdf -> destino=data/raw/andre/holerites/HOLERITE_INFOBASE_2025-06_aea6724c.pdf
2026-04-27 00:17:32,020 | OK | [NOME_BRUTO] sha8=f89809cb fonte=Infobase mes_ref=2025-11 origem=data/raw/andre/holerites/document(5) (1).pdf -> destino=data/raw/andre/holerites/HOLERITE_INFOBASE_2025-11_f89809cb.pdf
2026-04-27 00:17:32,021 | OK | [NOME_BRUTO] sha8=f89809cb fonte=Infobase mes_ref=2025-11 origem=data/raw/andre/holerites/document(5).pdf -> destino=data/raw/andre/holerites/HOLERITE_INFOBASE_2025-11_f89809cb.pdf
2026-04-27 00:17:32,021 | OK | [NOME_BRUTO] sha8=eaa84def fonte=Infobase mes_ref=2025-10 origem=data/raw/andre/holerites/document(6) (1).pdf -> destino=data/raw/andre/holerites/HOLERITE_INFOBASE_2025-10_eaa84def.pdf
2026-04-27 00:17:32,023 | OK | [NOME_BRUTO] sha8=eaa84def fonte=Infobase mes_ref=2025-10 origem=data/raw/andre/holerites/document(6).pdf -> destino=data/raw/andre/holerites/HOLERITE_INFOBASE_2025-10_eaa84def.pdf
2026-04-27 00:17:32,023 | OK | [NOME_BRUTO] sha8=70a77f7f fonte=Infobase mes_ref=2025-09 origem=data/raw/andre/holerites/document(7) (1).pdf -> destino=data/raw/andre/holerites/HOLERITE_INFOBASE_2025-09_70a77f7f.pdf
2026-04-27 00:17:32,024 | OK | [NOME_BRUTO] sha8=70a77f7f fonte=Infobase mes_ref=2025-09 origem=data/raw/andre/holerites/document(7).pdf -> destino=data/raw/andre/holerites/HOLERITE_INFOBASE_2025-09_70a77f7f.pdf
2026-04-27 00:17:32,024 | OK | [NOME_BRUTO] sha8=1b2baf20 fonte=Infobase mes_ref=2025-12 origem=data/raw/andre/holerites/document(8).pdf -> destino=data/raw/andre/holerites/HOLERITE_INFOBASE_2025-12_1b2baf20.pdf
2026-04-27 00:17:32,024 | OK | [NOME_BRUTO] sha8=7e90cd52 fonte=Infobase mes_ref=2025-12 origem=data/raw/andre/holerites/document(9).pdf -> destino=data/raw/andre/holerites/HOLERITE_INFOBASE_2025-12_7e90cd52.pdf
2026-04-27 00:17:32,026 | OK | [NOME_BRUTO] sha8=e8898e6f fonte=G4F mes_ref=2026-03 origem=data/raw/andre/holerites/holerite_1776557416464.pdf -> destino=data/raw/andre/holerites/HOLERITE_G4F_2026-03_e8898e6f.pdf
2026-04-27 00:17:32,027 | OK | [NOME_BRUTO] sha8=33f3a11f fonte=G4F mes_ref=2026-02 origem=data/raw/andre/holerites/holerite_1776557427604.pdf -> destino=data/raw/andre/holerites/HOLERITE_G4F_2026-02_33f3a11f.pdf
2026-04-27 00:17:32,028 | OK | [NOME_BRUTO] sha8=a4ab5a31 fonte=G4F mes_ref=2026-01 origem=data/raw/andre/holerites/holerite_1776557439794.pdf -> destino=data/raw/andre/holerites/HOLERITE_G4F_2026-01_a4ab5a31.pdf
2026-04-27 00:17:32,029 | OK | [NOME_BRUTO] sha8=b3d60868 fonte=G4F mes_ref=2025-05 origem=data/raw/andre/holerites/holerite_1776557454976.pdf -> destino=data/raw/andre/holerites/HOLERITE_G4F_2025-05_b3d60868.pdf
2026-04-27 00:17:32,030 | OK | [NOME_BRUTO] sha8=5583dd3b fonte=G4F mes_ref=2025-06 origem=data/raw/andre/holerites/holerite_1776557474514.pdf -> destino=data/raw/andre/holerites/HOLERITE_G4F_2025-06_5583dd3b.pdf
2026-04-27 00:17:32,031 | OK | [NOME_BRUTO] sha8=b1e59d77 fonte=G4F mes_ref=2025-07 origem=data/raw/andre/holerites/holerite_1776557485173.pdf -> destino=data/raw/andre/holerites/HOLERITE_G4F_2025-07_b1e59d77.pdf
2026-04-27 00:17:32,033 | OK | [NOME_BRUTO] sha8=94d86c0e fonte=G4F mes_ref=2025-08 origem=data/raw/andre/holerites/holerite_1776557501753.pdf -> destino=data/raw/andre/holerites/HOLERITE_G4F_2025-08_94d86c0e.pdf
2026-04-27 00:17:32,034 | OK | [NOME_BRUTO] sha8=9ddb2263 fonte=G4F mes_ref=2025-09 origem=data/raw/andre/holerites/holerite_1776557512130.pdf -> destino=data/raw/andre/holerites/HOLERITE_G4F_2025-09_9ddb2263.pdf
2026-04-27 00:17:32,035 | OK | [NOME_BRUTO] sha8=6f8a38a6 fonte=G4F mes_ref=2025-10 origem=data/raw/andre/holerites/holerite_1776557532665.pdf -> destino=data/raw/andre/holerites/HOLERITE_G4F_2025-10_6f8a38a6.pdf
2026-04-27 00:17:32,036 | OK | [NOME_BRUTO] sha8=b89e0d1d fonte=G4F mes_ref=2025-10 origem=data/raw/andre/holerites/holerite_1776557549928.pdf -> destino=data/raw/andre/holerites/HOLERITE_G4F_2025-10_b89e0d1d.pdf
2026-04-27 00:17:32,037 | OK | [NOME_BRUTO] sha8=3a547968 fonte=G4F mes_ref=2025-11 origem=data/raw/andre/holerites/holerite_1776557564560.pdf -> destino=data/raw/andre/holerites/HOLERITE_G4F_2025-11_3a547968.pdf
2026-04-27 00:17:32,038 | OK | [NOME_BRUTO] sha8=b743a661 fonte=G4F mes_ref=2025-12 origem=data/raw/andre/holerites/holerite_1776557580507.pdf -> destino=data/raw/andre/holerites/HOLERITE_G4F_2025-12_b743a661.pdf
2026-04-27 00:17:32,039 | OK | [NOME_BRUTO] sha8=87b1ac2e fonte=G4F mes_ref=2025-12 origem=data/raw/andre/holerites/holerite_1776557595606.pdf -> destino=data/raw/andre/holerites/HOLERITE_G4F_2025-12_87b1ac2e.pdf
2026-04-27 00:17:32,039 | Fim execução -- aplicadas=121 falhas=0
